[0614/121634.776:WARNING:minidump_to_upload_parameters.cc(36)] duplicate key guid, discarding value 0fed2b0e-8580-47f1-9a1e-e23ad1f9e7a9
[0618/000527.023:WARNING:minidump_to_upload_parameters.cc(36)] duplicate key guid, discarding value 0fed2b0e-8580-47f1-9a1e-e23ad1f9e7a9
[0618/001656.749:WARNING:minidump_to_upload_parameters.cc(36)] duplicate key guid, discarding value 0fed2b0e-8580-47f1-9a1e-e23ad1f9e7a9
[0618/001659.436:WARNING:minidump_to_upload_parameters.cc(36)] duplicate key guid, discarding value 0fed2b0e-8580-47f1-9a1e-e23ad1f9e7a9
[0618/002528.816:ERROR:minidumpwritedump_with_crashpad_info.cc(435)] Failed to call MiniDumpWriteDump: The paging file is too small for this operation to complete. (0x800705AF)
[0618/002528.816:ERROR:minidumpwritedump_with_crashpad_info.cc(435)] Failed to call MiniDumpWriteDump: The paging file is too small for this operation to complete. (0x800705AF)
[0618/002528.821:ERROR:minidumpwritedump_with_crashpad_info.cc(592)] Failed to write minidump file
[0618/002528.821:ERROR:minidumpwritedump_with_crashpad_info.cc(592)] Failed to write minidump file
[0618/002528.821:ERROR:crash_report_exception_handler.cc(132)] TryMiniDumpWriteDumpWithCrashpadInfo failed
[0618/002528.821:ERROR:crash_report_exception_handler.cc(132)] TryMiniDumpWriteDumpWithCrashpadInfo failed
[0618/002528.826:ERROR:process_info.cc(359)] UncheckedAllocate
[0618/002528.826:ERROR:process_info.cc(359)] UncheckedAllocate
[0618/002616.156:WARNING:minidump_to_upload_parameters.cc(36)] duplicate key guid, discarding value 0fed2b0e-8580-47f1-9a1e-e23ad1f9e7a9
[0725/134034.710:ERROR:minidumpwritedump_with_crashpad_info.cc(435)] Failed to call MiniDumpWriteDump: The paging file is too small for this operation to complete. (0x800705AF)
[0725/134034.718:ERROR:minidumpwritedump_with_crashpad_info.cc(435)] Failed to call MiniDumpWriteDump: The paging file is too small for this operation to complete. (0x800705AF)
[0725/134034.753:ERROR:minidumpwritedump_with_crashpad_info.cc(592)] Failed to write minidump file
[0725/134034.753:ERROR:minidumpwritedump_with_crashpad_info.cc(592)] Failed to write minidump file
[0725/134034.753:ERROR:crash_report_exception_handler.cc(132)] TryMiniDumpWriteDumpWithCrashpadInfo failed
[0725/134034.753:ERROR:crash_report_exception_handler.cc(132)] TryMiniDumpWriteDumpWithCrashpadInfo failed
[0725/134034.785:ERROR:process_info.cc(359)] UncheckedAllocate
[0725/134034.793:ERROR:process_info.cc(359)] UncheckedAllocate
[0725/134045.026:ERROR:minidumpwritedump_with_crashpad_info.cc(435)] Failed to call MiniDumpWriteDump: The paging file is too small for this operation to complete. (0x800705AF)
[0725/134045.026:ERROR:minidumpwritedump_with_crashpad_info.cc(592)] Failed to write minidump file
[0725/134045.026:ERROR:crash_report_exception_handler.cc(132)] TryMiniDumpWriteDumpWithCrashpadInfo failed
[0725/134045.026:ERROR:process_info.cc(359)] UncheckedAllocate
[0725/150833.742:ERROR:minidumpwritedump_with_crashpad_info.cc(435)] Failed to call MiniDumpWriteDump: The paging file is too small for this operation to complete. (0x800705AF)
[0725/150833.758:ERROR:minidumpwritedump_with_crashpad_info.cc(592)] Failed to write minidump file
[0725/150833.758:ERROR:crash_report_exception_handler.cc(132)] TryMiniDumpWriteDumpWithCrashpadInfo failed
[0725/150833.766:ERROR:process_info.cc(359)] UncheckedAllocate
